Release 14.4 - xst P.49d (nt64)
Copyright (c) 1995-2012 Xilinx, Inc.  All rights reserved.
--> Parameter TMPDIR set to xst/projnav.tmp


Total REAL time to Xst completion: 0.00 secs
Total CPU time to Xst completion: 0.13 secs
 
--> Parameter xsthdpdir set to xst


Total REAL time to Xst completion: 0.00 secs
Total CPU time to Xst completion: 0.13 secs
 
--> Reading design: TL.prj

TABLE OF CONTENTS
  1) Synthesis Options Summary
  2) HDL Compilation
  3) Design Hierarchy Analysis
  4) HDL Analysis
  5) HDL Synthesis
     5.1) HDL Synthesis Report
  6) Advanced HDL Synthesis
     6.1) Advanced HDL Synthesis Report
  7) Low Level Synthesis
  8) Partition Report
  9) Final Report
	9.1) Device utilization summary
	9.2) Partition Resource Summary
	9.3) TIMING REPORT


=========================================================================
*                      Synthesis Options Summary                        *
=========================================================================
---- Source Parameters
Input File Name                    : "TL.prj"
Input Format                       : mixed
Ignore Synthesis Constraint File   : NO

---- Target Parameters
Output File Name                   : "TL"
Output Format                      : NGC
Target Device                      : xc3s500e-4-fg320

---- Source Options
Top Module Name                    : TL
Automatic FSM Extraction           : YES
FSM Encoding Algorithm             : Auto
Safe Implementation                : No
FSM Style                          : LUT
RAM Extraction                     : Yes
RAM Style                          : Auto
ROM Extraction                     : Yes
Mux Style                          : Auto
Decoder Extraction                 : YES
Priority Encoder Extraction        : Yes
Shift Register Extraction          : YES
Logical Shifter Extraction         : YES
XOR Collapsing                     : YES
ROM Style                          : Auto
Mux Extraction                     : Yes
Resource Sharing                   : YES
Asynchronous To Synchronous        : NO
Multiplier Style                   : Auto
Automatic Register Balancing       : No

---- Target Options
Add IO Buffers                     : YES
Global Maximum Fanout              : 500
Add Generic Clock Buffer(BUFG)     : 24
Register Duplication               : YES
Slice Packing                      : YES
Optimize Instantiated Primitives   : NO
Use Clock Enable                   : Yes
Use Synchronous Set                : Yes
Use Synchronous Reset              : Yes
Pack IO Registers into IOBs        : Auto
Equivalent register Removal        : YES

---- General Options
Optimization Goal                  : Speed
Optimization Effort                : 1
Keep Hierarchy                     : No
Netlist Hierarchy                  : As_Optimized
RTL Output                         : Yes
Global Optimization                : AllClockNets
Read Cores                         : YES
Write Timing Constraints           : NO
Cross Clock Analysis               : NO
Hierarchy Separator                : /
Bus Delimiter                      : <>
Case Specifier                     : Maintain
Slice Utilization Ratio            : 100
BRAM Utilization Ratio             : 100
Verilog 2001                       : YES
Auto BRAM Packing                  : NO
Slice Utilization Ratio Delta      : 5

=========================================================================


=========================================================================
*                          HDL Compilation                              *
=========================================================================
Compiling vhdl file "C:/XilinxWorkSpace/PongV2/dcm_1.vhd" in Library work.
Architecture behavioral of Entity dcm_1 is up to date.
Compiling vhdl file "C:/XilinxWorkSpace/PongV2/Filter_3x3.vhd" in Library work.
Architecture behavioral of Entity filter_3x3 is up to date.
Compiling vhdl file "C:/XilinxWorkSpace/PongV2/ADC_signal_sync.vhd" in Library work.
Architecture behavioral of Entity adc_signal_sync is up to date.
Compiling vhdl file "C:/XilinxWorkSpace/PongV2/pixel_pointer.vhd" in Library work.
Architecture behavioral of Entity pixel_pointer is up to date.
Compiling vhdl file "C:/XilinxWorkSpace/PongV2/TL.vhd" in Library work.
Entity <tl> compiled.
Entity <tl> (Architecture <behavioral>) compiled.

=========================================================================
*                     Design Hierarchy Analysis                         *
=========================================================================
Analyzing hierarchy for entity <TL> in library <work> (architecture <behavioral>).

Analyzing hierarchy for entity <dcm_1> in library <work> (architecture <behavioral>).

Analyzing hierarchy for entity <Filter_3x3> in library <work> (architecture <Behavioral>).

Analyzing hierarchy for entity <ADC_signal_sync> in library <work> (architecture <Behavioral>).

Analyzing hierarchy for entity <pixel_pointer> in library <work> (architecture <Behavioral>).


=========================================================================
*                            HDL Analysis                               *
=========================================================================
Analyzing Entity <TL> in library <work> (Architecture <behavioral>).
WARNING:Xst:752 - "C:/XilinxWorkSpace/PongV2/TL.vhd" line 128: Unconnected input port 'RST_IN' of component 'dcm_1' is tied to default value.
WARNING:Xst:753 - "C:/XilinxWorkSpace/PongV2/TL.vhd" line 128: Unconnected output port 'CLKIN_IBUFG_OUT' of component 'dcm_1'.
WARNING:Xst:753 - "C:/XilinxWorkSpace/PongV2/TL.vhd" line 128: Unconnected output port 'LOCKED_OUT' of component 'dcm_1'.
Entity <TL> analyzed. Unit <TL> generated.

Analyzing Entity <dcm_1> in library <work> (Architecture <behavioral>).
    Set user-defined property "CAPACITANCE =  DONT_CARE" for instance <CLKIN_IBUFG_INST> in unit <dcm_1>.
    Set user-defined property "IBUF_DELAY_VALUE =  0" for instance <CLKIN_IBUFG_INST> in unit <dcm_1>.
    Set user-defined property "IBUF_LOW_PWR =  TRUE" for instance <CLKIN_IBUFG_INST> in unit <dcm_1>.
    Set user-defined property "IOSTANDARD =  DEFAULT" for instance <CLKIN_IBUFG_INST> in unit <dcm_1>.
    Set user-defined property "CLKDV_DIVIDE =  2.0000000000000000" for instance <DCM_SP_INST> in unit <dcm_1>.
    Set user-defined property "CLKFX_DIVIDE =  4" for instance <DCM_SP_INST> in unit <dcm_1>.
    Set user-defined property "CLKFX_MULTIPLY =  2" for instance <DCM_SP_INST> in unit <dcm_1>.
    Set user-defined property "CLKIN_DIVIDE_BY_2 =  FALSE" for instance <DCM_SP_INST> in unit <dcm_1>.
    Set user-defined property "CLKIN_PERIOD =  20.0000000000000000" for instance <DCM_SP_INST> in unit <dcm_1>.
    Set user-defined property "CLKOUT_PHASE_SHIFT =  NONE" for instance <DCM_SP_INST> in unit <dcm_1>.
    Set user-defined property "CLK_FEEDBACK =  1X" for instance <DCM_SP_INST> in unit <dcm_1>.
    Set user-defined property "DESKEW_ADJUST =  SYSTEM_SYNCHRONOUS" for instance <DCM_SP_INST> in unit <dcm_1>.
    Set user-defined property "DFS_FREQUENCY_MODE =  LOW" for instance <DCM_SP_INST> in unit <dcm_1>.
    Set user-defined property "DLL_FREQUENCY_MODE =  LOW" for instance <DCM_SP_INST> in unit <dcm_1>.
    Set user-defined property "DSS_MODE =  NONE" for instance <DCM_SP_INST> in unit <dcm_1>.
    Set user-defined property "DUTY_CYCLE_CORRECTION =  TRUE" for instance <DCM_SP_INST> in unit <dcm_1>.
    Set user-defined property "FACTORY_JF =  C080" for instance <DCM_SP_INST> in unit <dcm_1>.
    Set user-defined property "PHASE_SHIFT =  0" for instance <DCM_SP_INST> in unit <dcm_1>.
    Set user-defined property "STARTUP_WAIT =  FALSE" for instance <DCM_SP_INST> in unit <dcm_1>.
Entity <dcm_1> analyzed. Unit <dcm_1> generated.

Analyzing Entity <Filter_3x3> in library <work> (Architecture <Behavioral>).
WARNING:Xst:1610 - "C:/XilinxWorkSpace/PongV2/Filter_3x3.vhd" line 119: Width mismatch. <psf> has a width of 5 bits but assigned expression is 3-bit wide.
WARNING:Xst:1610 - "C:/XilinxWorkSpace/PongV2/Filter_3x3.vhd" line 120: Width mismatch. <psc> has a width of 5 bits but assigned expression is 4-bit wide.
WARNING:Xst:1610 - "C:/XilinxWorkSpace/PongV2/Filter_3x3.vhd" line 121: Width mismatch. <psb> has a width of 5 bits but assigned expression is 3-bit wide.
WARNING:Xst:1610 - "C:/XilinxWorkSpace/PongV2/Filter_3x3.vhd" line 123: Width mismatch. <pixel_sum> has a width of 10 bits but assigned expression is 5-bit wide.
Entity <Filter_3x3> analyzed. Unit <Filter_3x3> generated.

Analyzing Entity <ADC_signal_sync> in library <work> (Architecture <Behavioral>).
Entity <ADC_signal_sync> analyzed. Unit <ADC_signal_sync> generated.

Analyzing Entity <pixel_pointer> in library <work> (Architecture <Behavioral>).
Entity <pixel_pointer> analyzed. Unit <pixel_pointer> generated.


=========================================================================
*                           HDL Synthesis                               *
=========================================================================

Performing bidirectional port resolution...

Synthesizing Unit <Filter_3x3>.
    Related source file is "C:/XilinxWorkSpace/PongV2/Filter_3x3.vhd".
    Found 3-bit register for signal <back>.
    Found 3-bit register for signal <center>.
    Found 3-bit register for signal <front>.
    Found 799-bit register for signal <h_sync_delay>.
    Found 1-bit register for signal <h_sync_next>.
    Found 791-bit register for signal <line_1>.
    Found 791-bit register for signal <line_2>.
    Found 3-bit register for signal <pb0>.
    Found 3-bit register for signal <pb1>.
    Found 3-bit register for signal <pb2>.
    Found 3-bit register for signal <pc0>.
    Found 4-bit register for signal <pc1>.
    Found 3-bit register for signal <pc2>.
    Found 3-bit register for signal <pf0>.
    Found 3-bit register for signal <pf1>.
    Found 3-bit register for signal <pf2>.
    Found 1-bit register for signal <pixel_next>.
    Found 10-bit comparator greater for signal <pixel_next$cmp_gt0000> created at line 125.
    Found 1-bit register for signal <pixel_nf_next>.
    Found 10-bit register for signal <pixel_sum>.
    Found 5-bit adder for signal <pixel_sum$add0000> created at line 123.
    Found 5-bit adder for signal <pixel_sum$addsub0000> created at line 123.
    Found 5-bit register for signal <psb>.
    Found 3-bit adder for signal <psb$add0000> created at line 121.
    Found 3-bit adder for signal <psb$addsub0000> created at line 121.
    Found 5-bit register for signal <psc>.
    Found 4-bit adder for signal <psc$add0000> created at line 120.
    Found 4-bit adder for signal <psc$addsub0000> created at line 120.
    Found 5-bit register for signal <psf>.
    Found 3-bit adder for signal <psf$add0000> created at line 119.
    Found 3-bit adder for signal <psf$addsub0000> created at line 119.
    Found 799-bit register for signal <v_sync_delay>.
    Found 1-bit register for signal <v_sync_next>.
INFO:Xst:738 - HDL ADVISOR - 791 flip-flops were inferred for signal <line_1>. You may be trying to describe a RAM in a way that is incompatible with block and distributed RAM resources available on Xilinx devices, or with a specific template that is not supported. Please review the Xilinx resources documentation and the XST user manual for coding guidelines. Taking advantage of RAM resources will lead to improved device usage and reduced synthesis time.
INFO:Xst:738 - HDL ADVISOR - 791 flip-flops were inferred for signal <line_2>. You may be trying to describe a RAM in a way that is incompatible with block and distributed RAM resources available on Xilinx devices, or with a specific template that is not supported. Please review the Xilinx resources documentation and the XST user manual for coding guidelines. Taking advantage of RAM resources will lead to improved device usage and reduced synthesis time.
INFO:Xst:738 - HDL ADVISOR - 799 flip-flops were inferred for signal <v_sync_delay>. You may be trying to describe a RAM in a way that is incompatible with block and distributed RAM resources available on Xilinx devices, or with a specific template that is not supported. Please review the Xilinx resources documentation and the XST user manual for coding guidelines. Taking advantage of RAM resources will lead to improved device usage and reduced synthesis time.
INFO:Xst:738 - HDL ADVISOR - 799 flip-flops were inferred for signal <h_sync_delay>. You may be trying to describe a RAM in a way that is incompatible with block and distributed RAM resources available on Xilinx devices, or with a specific template that is not supported. Please review the Xilinx resources documentation and the XST user manual for coding guidelines. Taking advantage of RAM resources will lead to improved device usage and reduced synthesis time.
    Summary:
	inferred 3246 D-type flip-flop(s).
	inferred   8 Adder/Subtractor(s).
	inferred   1 Comparator(s).
Unit <Filter_3x3> synthesized.


Synthesizing Unit <ADC_signal_sync>.
    Related source file is "C:/XilinxWorkSpace/PongV2/ADC_signal_sync.vhd".
WARNING:Xst:646 - Signal <red_r> is assigned but never used. This unconnected signal will be trimmed during the optimization process.
WARNING:Xst:646 - Signal <green_r> is assigned but never used. This unconnected signal will be trimmed during the optimization process.
WARNING:Xst:646 - Signal <blue_r<8:0>> is assigned but never used. This unconnected signal will be trimmed during the optimization process.
    Found 10-bit register for signal <blue_r>.
    Found 6-bit register for signal <h_sync_sr>.
    Found 6-bit register for signal <v_sync_sr>.
    Summary:
	inferred  22 D-type flip-flop(s).
Unit <ADC_signal_sync> synthesized.


Synthesizing Unit <pixel_pointer>.
    Related source file is "C:/XilinxWorkSpace/PongV2/pixel_pointer.vhd".
    Found 2-bit register for signal <h_sync>.
    Found 10-bit up counter for signal <line>.
    Found 10-bit up counter for signal <pixel>.
    Found 2-bit register for signal <v_sync>.
    Summary:
	inferred   2 Counter(s).
	inferred   4 D-type flip-flop(s).
Unit <pixel_pointer> synthesized.


Synthesizing Unit <dcm_1>.
    Related source file is "C:/XilinxWorkSpace/PongV2/dcm_1.vhd".
Unit <dcm_1> synthesized.


Synthesizing Unit <TL>.
    Related source file is "C:/XilinxWorkSpace/PongV2/TL.vhd".
WARNING:Xst:647 - Input <SW_I<7:1>> is never used. This port will be preserved and left unconnected if it belongs to a top-level block or it belongs to a sub-block and the hierarchy of this sub-block is preserved.
WARNING:Xst:646 - Signal <pointer_line> is assigned but never used. This unconnected signal will be trimmed during the optimization process.
WARNING:Xst:646 - Signal <filter_pixel_nf> is assigned but never used. This unconnected signal will be trimmed during the optimization process.
WARNING:Xst:646 - Signal <clk_dcm_50M> is assigned but never used. This unconnected signal will be trimmed during the optimization process.
    Found 1-bit register for signal <VGA_VS_O>.
    Found 1-bit register for signal <VGA_HS_O>.
    Found 1-bit register for signal <output>.
    Found 10-bit comparator greater for signal <VGA_G_O$cmp_gt0000> created at line 203.
    Found 10-bit comparator less for signal <VGA_G_O$cmp_lt0000> created at line 203.
    Summary:
	inferred   3 D-type flip-flop(s).
	inferred   2 Comparator(s).
Unit <TL> synthesized.


=========================================================================
HDL Synthesis Report

Macro Statistics
# Adders/Subtractors                                   : 8
 3-bit adder                                           : 4
 4-bit adder                                           : 2
 5-bit adder                                           : 2
# Counters                                             : 2
 10-bit up counter                                     : 2
# Registers                                            : 32
 1-bit register                                        : 7
 10-bit register                                       : 2
 2-bit register                                        : 2
 3-bit register                                        : 11
 4-bit register                                        : 1
 5-bit register                                        : 3
 6-bit register                                        : 2
 791-bit register                                      : 2
 799-bit register                                      : 2
# Comparators                                          : 3
 10-bit comparator greater                             : 2
 10-bit comparator less                                : 1

=========================================================================

=========================================================================
*                       Advanced HDL Synthesis                          *
=========================================================================

INFO:Xst:2261 - The FF/Latch <pc2_1> in Unit <Inst_Filter_3x3> is equivalent to the following FF/Latch, which will be removed : <line_2_0> 
INFO:Xst:2261 - The FF/Latch <front_1> in Unit <Inst_Filter_3x3> is equivalent to the following FF/Latch, which will be removed : <pf0_0> 
INFO:Xst:2261 - The FF/Latch <front_2> in Unit <Inst_Filter_3x3> is equivalent to the following FF/Latch, which will be removed : <pf1_1> 
INFO:Xst:2261 - The FF/Latch <pf2_0> in Unit <Inst_Filter_3x3> is equivalent to the following FF/Latch, which will be removed : <line_1_0> 
INFO:Xst:2261 - The FF/Latch <back_1> in Unit <Inst_Filter_3x3> is equivalent to the following FF/Latch, which will be removed : <pb0_0> 
INFO:Xst:2261 - The FF/Latch <back_2> in Unit <Inst_Filter_3x3> is equivalent to the following FF/Latch, which will be removed : <pb1_1> 
INFO:Xst:2261 - The FF/Latch <pf0_1> in Unit <Inst_Filter_3x3> is equivalent to the following 28 FFs/Latches, which will be removed : <pf0_2> <pf1_0> <pf1_2> <pf2_1> <pf2_2> <pc0_0> <pc0_2> <pc1_0> <pc1_1> <pc1_3> <pc2_0> <pc2_2> <psf_3> <psf_4> <pb0_1> <pb0_2> <pb1_0> <pb1_2> <pb2_1> <pb2_2> <psc_4> <psb_3> <psb_4> <pixel_sum_5> <pixel_sum_6> <pixel_sum_7> <pixel_sum_8> <pixel_sum_9> 
INFO:Xst:2261 - The FF/Latch <center_1> in Unit <Inst_Filter_3x3> is equivalent to the following FF/Latch, which will be removed : <pc0_1> 
INFO:Xst:2261 - The FF/Latch <center_2> in Unit <Inst_Filter_3x3> is equivalent to the following FF/Latch, which will be removed : <pc1_2> 
WARNING:Xst:1293 - FF/Latch <pf0_1> has a constant value of 0 in block <Inst_Filter_3x3>. This FF/Latch will be trimmed during the optimization process.
WARNING:Xst:2677 - Node <blue_r_0> of sequential type is unconnected in block <Ints_ADC_signal_sync>.
WARNING:Xst:2677 - Node <blue_r_1> of sequential type is unconnected in block <Ints_ADC_signal_sync>.
WARNING:Xst:2677 - Node <blue_r_2> of sequential type is unconnected in block <Ints_ADC_signal_sync>.
WARNING:Xst:2677 - Node <blue_r_3> of sequential type is unconnected in block <Ints_ADC_signal_sync>.
WARNING:Xst:2677 - Node <blue_r_4> of sequential type is unconnected in block <Ints_ADC_signal_sync>.
WARNING:Xst:2677 - Node <blue_r_5> of sequential type is unconnected in block <Ints_ADC_signal_sync>.
WARNING:Xst:2677 - Node <blue_r_6> of sequential type is unconnected in block <Ints_ADC_signal_sync>.
WARNING:Xst:2677 - Node <blue_r_7> of sequential type is unconnected in block <Ints_ADC_signal_sync>.
WARNING:Xst:2677 - Node <blue_r_8> of sequential type is unconnected in block <Ints_ADC_signal_sync>.
WARNING:Xst:2677 - Node <blue_r_0> of sequential type is unconnected in block <ADC_signal_sync>.
WARNING:Xst:2677 - Node <blue_r_1> of sequential type is unconnected in block <ADC_signal_sync>.
WARNING:Xst:2677 - Node <blue_r_2> of sequential type is unconnected in block <ADC_signal_sync>.
WARNING:Xst:2677 - Node <blue_r_3> of sequential type is unconnected in block <ADC_signal_sync>.
WARNING:Xst:2677 - Node <blue_r_4> of sequential type is unconnected in block <ADC_signal_sync>.
WARNING:Xst:2677 - Node <blue_r_5> of sequential type is unconnected in block <ADC_signal_sync>.
WARNING:Xst:2677 - Node <blue_r_6> of sequential type is unconnected in block <ADC_signal_sync>.
WARNING:Xst:2677 - Node <blue_r_7> of sequential type is unconnected in block <ADC_signal_sync>.
WARNING:Xst:2677 - Node <blue_r_8> of sequential type is unconnected in block <ADC_signal_sync>.

=========================================================================
Advanced HDL Synthesis Report

Macro Statistics
# Adders/Subtractors                                   : 8
 3-bit adder                                           : 4
 4-bit adder                                           : 2
 5-bit adder                                           : 2
# Counters                                             : 2
 10-bit up counter                                     : 2
# Registers                                            : 3266
 Flip-Flops                                            : 3266
# Comparators                                          : 3
 10-bit comparator greater                             : 2
 10-bit comparator less                                : 1

=========================================================================

=========================================================================
*                         Low Level Synthesis                           *
=========================================================================
WARNING:Xst:1293 - FF/Latch <pixel_sum_9> has a constant value of 0 in block <Filter_3x3>. This FF/Latch will be trimmed during the optimization process.
WARNING:Xst:1896 - Due to other FF/Latch trimming, FF/Latch <pixel_sum_8> has a constant value of 0 in block <Filter_3x3>. This FF/Latch will be trimmed during the optimization process.
WARNING:Xst:1896 - Due to other FF/Latch trimming, FF/Latch <pixel_sum_7> has a constant value of 0 in block <Filter_3x3>. This FF/Latch will be trimmed during the optimization process.
WARNING:Xst:1896 - Due to other FF/Latch trimming, FF/Latch <pixel_sum_6> has a constant value of 0 in block <Filter_3x3>. This FF/Latch will be trimmed during the optimization process.
WARNING:Xst:1896 - Due to other FF/Latch trimming, FF/Latch <pixel_sum_5> has a constant value of 0 in block <Filter_3x3>. This FF/Latch will be trimmed during the optimization process.
WARNING:Xst:1896 - Due to other FF/Latch trimming, FF/Latch <psb_4> has a constant value of 0 in block <Filter_3x3>. This FF/Latch will be trimmed during the optimization process.
WARNING:Xst:1896 - Due to other FF/Latch trimming, FF/Latch <psb_3> has a constant value of 0 in block <Filter_3x3>. This FF/Latch will be trimmed during the optimization process.
WARNING:Xst:1896 - Due to other FF/Latch trimming, FF/Latch <psc_4> has a constant value of 0 in block <Filter_3x3>. This FF/Latch will be trimmed during the optimization process.
WARNING:Xst:1896 - Due to other FF/Latch trimming, FF/Latch <pb2_2> has a constant value of 0 in block <Filter_3x3>. This FF/Latch will be trimmed during the optimization process.
WARNING:Xst:1896 - Due to other FF/Latch trimming, FF/Latch <pb2_1> has a constant value of 0 in block <Filter_3x3>. This FF/Latch will be trimmed during the optimization process.
WARNING:Xst:1896 - Due to other FF/Latch trimming, FF/Latch <pb1_2> has a constant value of 0 in block <Filter_3x3>. This FF/Latch will be trimmed during the optimization process.
WARNING:Xst:1896 - Due to other FF/Latch trimming, FF/Latch <pb1_0> has a constant value of 0 in block <Filter_3x3>. This FF/Latch will be trimmed during the optimization process.
WARNING:Xst:1896 - Due to other FF/Latch trimming, FF/Latch <pb0_2> has a constant value of 0 in block <Filter_3x3>. This FF/Latch will be trimmed during the optimization process.
WARNING:Xst:1896 - Due to other FF/Latch trimming, FF/Latch <pb0_1> has a constant value of 0 in block <Filter_3x3>. This FF/Latch will be trimmed during the optimization process.
WARNING:Xst:1896 - Due to other FF/Latch trimming, FF/Latch <psf_4> has a constant value of 0 in block <Filter_3x3>. This FF/Latch will be trimmed during the optimization process.
WARNING:Xst:1896 - Due to other FF/Latch trimming, FF/Latch <psf_3> has a constant value of 0 in block <Filter_3x3>. This FF/Latch will be trimmed during the optimization process.
WARNING:Xst:1896 - Due to other FF/Latch trimming, FF/Latch <pc2_2> has a constant value of 0 in block <Filter_3x3>. This FF/Latch will be trimmed during the optimization process.
WARNING:Xst:1896 - Due to other FF/Latch trimming, FF/Latch <pc2_0> has a constant value of 0 in block <Filter_3x3>. This FF/Latch will be trimmed during the optimization process.
WARNING:Xst:1896 - Due to other FF/Latch trimming, FF/Latch <pc1_3> has a constant value of 0 in block <Filter_3x3>. This FF/Latch will be trimmed during the optimization process.
WARNING:Xst:1896 - Due to other FF/Latch trimming, FF/Latch <pc1_1> has a constant value of 0 in block <Filter_3x3>. This FF/Latch will be trimmed during the optimization process.
WARNING:Xst:1896 - Due to other FF/Latch trimming, FF/Latch <pc1_0> has a constant value of 0 in block <Filter_3x3>. This FF/Latch will be trimmed during the optimization process.
WARNING:Xst:1896 - Due to other FF/Latch trimming, FF/Latch <pc0_2> has a constant value of 0 in block <Filter_3x3>. This FF/Latch will be trimmed during the optimization process.
WARNING:Xst:1896 - Due to other FF/Latch trimming, FF/Latch <pc0_0> has a constant value of 0 in block <Filter_3x3>. This FF/Latch will be trimmed during the optimization process.
WARNING:Xst:1896 - Due to other FF/Latch trimming, FF/Latch <pf2_2> has a constant value of 0 in block <Filter_3x3>. This FF/Latch will be trimmed during the optimization process.
WARNING:Xst:1896 - Due to other FF/Latch trimming, FF/Latch <pf2_1> has a constant value of 0 in block <Filter_3x3>. This FF/Latch will be trimmed during the optimization process.
WARNING:Xst:1896 - Due to other FF/Latch trimming, FF/Latch <pf1_2> has a constant value of 0 in block <Filter_3x3>. This FF/Latch will be trimmed during the optimization process.
WARNING:Xst:1896 - Due to other FF/Latch trimming, FF/Latch <pf1_0> has a constant value of 0 in block <Filter_3x3>. This FF/Latch will be trimmed during the optimization process.
WARNING:Xst:1896 - Due to other FF/Latch trimming, FF/Latch <pf0_2> has a constant value of 0 in block <Filter_3x3>. This FF/Latch will be trimmed during the optimization process.
WARNING:Xst:1896 - Due to other FF/Latch trimming, FF/Latch <pf0_1> has a constant value of 0 in block <Filter_3x3>. This FF/Latch will be trimmed during the optimization process.
INFO:Xst:2261 - The FF/Latch <pc2_1> in Unit <Filter_3x3> is equivalent to the following FF/Latch, which will be removed : <line_2_0> 
INFO:Xst:2261 - The FF/Latch <front_1> in Unit <Filter_3x3> is equivalent to the following FF/Latch, which will be removed : <pf0_0> 
INFO:Xst:2261 - The FF/Latch <front_2> in Unit <Filter_3x3> is equivalent to the following FF/Latch, which will be removed : <pf1_1> 
INFO:Xst:2261 - The FF/Latch <pf2_0> in Unit <Filter_3x3> is equivalent to the following FF/Latch, which will be removed : <line_1_0> 
INFO:Xst:2261 - The FF/Latch <back_1> in Unit <Filter_3x3> is equivalent to the following FF/Latch, which will be removed : <pb0_0> 
INFO:Xst:2261 - The FF/Latch <back_2> in Unit <Filter_3x3> is equivalent to the following FF/Latch, which will be removed : <pb1_1> 
INFO:Xst:2261 - The FF/Latch <center_1> in Unit <Filter_3x3> is equivalent to the following FF/Latch, which will be removed : <pc0_1> 
INFO:Xst:2261 - The FF/Latch <center_2> in Unit <Filter_3x3> is equivalent to the following 2 FFs/Latches, which will be removed : <pixel_nf_next> <pc1_2> 
WARNING:Xst:1293 - FF/Latch <psc_0> has a constant value of 0 in block <Filter_3x3>. This FF/Latch will be trimmed during the optimization process.

Optimizing unit <TL> ...

Optimizing unit <Filter_3x3> ...

Optimizing unit <ADC_signal_sync> ...

Optimizing unit <pixel_pointer> ...
WARNING:Xst:2677 - Node <Inst_pixel_pointer/line_9> of sequential type is unconnected in block <TL>.
WARNING:Xst:2677 - Node <Inst_pixel_pointer/line_8> of sequential type is unconnected in block <TL>.
WARNING:Xst:2677 - Node <Inst_pixel_pointer/line_7> of sequential type is unconnected in block <TL>.
WARNING:Xst:2677 - Node <Inst_pixel_pointer/line_6> of sequential type is unconnected in block <TL>.
WARNING:Xst:2677 - Node <Inst_pixel_pointer/line_5> of sequential type is unconnected in block <TL>.
WARNING:Xst:2677 - Node <Inst_pixel_pointer/line_4> of sequential type is unconnected in block <TL>.
WARNING:Xst:2677 - Node <Inst_pixel_pointer/line_3> of sequential type is unconnected in block <TL>.
WARNING:Xst:2677 - Node <Inst_pixel_pointer/line_2> of sequential type is unconnected in block <TL>.
WARNING:Xst:2677 - Node <Inst_pixel_pointer/line_1> of sequential type is unconnected in block <TL>.
WARNING:Xst:2677 - Node <Inst_pixel_pointer/line_0> of sequential type is unconnected in block <TL>.

Mapping all equations...
Building and optimizing final netlist ...
Found area constraint ratio of 100 (+ 5) on block TL, actual ratio is 40.

Final Macro Processing ...

Processing Unit <TL> :
	Found 792-bit shift register for signal <Inst_Filter_3x3/back_1>.
	Found 792-bit shift register for signal <Inst_Filter_3x3/center_1>.
	Found 800-bit shift register for signal <Inst_Filter_3x3/v_sync_next>.
	Found 800-bit shift register for signal <Inst_Filter_3x3/h_sync_next>.
	Found 2-bit shift register for signal <Inst_Filter_3x3/front_1>.
	Found 6-bit shift register for signal <Ints_ADC_signal_sync/h_sync_sr_5>.
	Found 6-bit shift register for signal <Ints_ADC_signal_sync/v_sync_sr_5>.
Unit <TL> processed.

=========================================================================
Final Register Report

Macro Statistics
# Registers                                            : 39
 Flip-Flops                                            : 39
# Shift Registers                                      : 7
 2-bit shift register                                  : 1
 6-bit shift register                                  : 2
 792-bit shift register                                : 2
 800-bit shift register                                : 2

=========================================================================

=========================================================================
*                           Partition Report                            *
=========================================================================

Partition Implementation Status
-------------------------------

  No Partitions were found in this design.

-------------------------------

=========================================================================
*                            Final Report                               *
=========================================================================
Final Results
RTL Top Level Output File Name     : TL.ngr
Top Level Output File Name         : TL
Output Format                      : NGC
Optimization Goal                  : Speed
Keep Hierarchy                     : No

Design Statistics
# IOs                              : 66

Cell Usage :
# BELS                             : 66
#      GND                         : 1
#      INV                         : 1
#      LUT1                        : 9
#      LUT2                        : 4
#      LUT2_L                      : 1
#      LUT3                        : 12
#      LUT3_D                      : 2
#      LUT4                        : 14
#      MUXCY                       : 9
#      MUXF5                       : 2
#      VCC                         : 1
#      XORCY                       : 10
# FlipFlops/Latches                : 46
#      FD                          : 34
#      FDR                         : 12
# Shift Registers                  : 203
#      SRL16                       : 7
#      SRLC16                      : 196
# Clock Buffers                    : 2
#      BUFG                        : 2
# IO Buffers                       : 30
#      IBUF                        : 8
#      IBUFG                       : 1
#      OBUF                        : 21
# DCMs                             : 1
#      DCM_SP                      : 1
=========================================================================

Device utilization summary:
---------------------------

Selected Device : 3s500efg320-4 

 Number of Slices:                      126  out of   4656     2%  
 Number of Slice Flip Flops:             46  out of   9312     0%  
 Number of 4 input LUTs:                246  out of   9312     2%  
    Number used as logic:                43
    Number used as Shift registers:     203
 Number of IOs:                          66
 Number of bonded IOBs:                  30  out of    232    12%  
 Number of GCLKs:                         2  out of     24     8%  
 Number of DCMs:                          1  out of      4    25%  

---------------------------
Partition Resource Summary:
---------------------------

  No Partitions were found in this design.

---------------------------


=========================================================================
TIMING REPORT

NOTE: THESE TIMING NUMBERS ARE ONLY A SYNTHESIS ESTIMATE.
      FOR ACCURATE TIMING INFORMATION PLEASE REFER TO THE TRACE REPORT
      GENERATED AFTER PLACE-and-ROUTE.

Clock Information:
------------------
-----------------------------------+-----------------------------+-------+
Clock Signal                       | Clock buffer(FF name)       | Load  |
-----------------------------------+-----------------------------+-------+
CLK_50M_I                          | Inst_dcm_1/DCM_SP_INST:CLKFX| 249   |
-----------------------------------+-----------------------------+-------+

Asynchronous Control Signals Information:
----------------------------------------
No asynchronous control signals found in this design

Timing Summary:
---------------
Speed Grade: -4

   Minimum period: 2.222ns (Maximum Frequency: 450.146MHz)
   Minimum input arrival time before clock: 2.992ns
   Maximum output required time after clock: 9.250ns
   Maximum combinational path delay: 6.391ns

Timing Detail:
--------------
All values displayed in nanoseconds (ns)

=========================================================================
Timing constraint: Default period analysis for Clock 'CLK_50M_I'
  Clock period: 2.222ns (frequency: 450.146MHz)
  Total number of paths / destination ports: 413 / 257
-------------------------------------------------------------------------
Delay:               4.443ns (Levels of Logic = 3)
  Source:            Inst_Filter_3x3/psc_1 (FF)
  Destination:       Inst_Filter_3x3/pixel_sum_4 (FF)
  Source Clock:      CLK_50M_I rising 0.5X
  Destination Clock: CLK_50M_I rising 0.5X

  Data Path: Inst_Filter_3x3/psc_1 to Inst_Filter_3x3/pixel_sum_4
                                Gate     Net
    Cell:in->out      fanout   Delay   Delay  Logical Name (Net Name)
    ----------------------------------------  ------------
     FD:C->Q               4   0.591   0.762  Inst_Filter_3x3/psc_1 (Inst_Filter_3x3/psc_1)
     LUT3_D:I0->LO         1   0.704   0.104  Inst_Filter_3x3/Madd_pixel_sum_add0000C1 (N24)
     LUT4:I3->O            3   0.704   0.531  Inst_Filter_3x3/Madd_pixel_sum_add0000_Madd_lut<2>1 (Inst_Filter_3x3/Madd_pixel_sum_add0000_Madd_lut<2>)
     MUXF5:S->O            1   0.739   0.000  Inst_Filter_3x3/Madd_pixel_sum_add0000_Madd_xor<3>11 (Inst_Filter_3x3/pixel_sum_add0000<3>)
     FD:D                      0.308          Inst_Filter_3x3/pixel_sum_3
    ----------------------------------------
    Total                      4.443ns (3.046ns logic, 1.397ns route)
                                       (68.6% logic, 31.4% route)

=========================================================================
Timing constraint: Default OFFSET IN BEFORE for Clock 'CLK_50M_I'
  Total number of paths / destination ports: 6 / 6
-------------------------------------------------------------------------
Offset:              2.992ns (Levels of Logic = 2)
  Source:            SW_I<0> (PAD)
  Destination:       output (FF)
  Destination Clock: CLK_50M_I rising 0.5X

  Data Path: SW_I<0> to output
                                Gate     Net
    Cell:in->out      fanout   Delay   Delay  Logical Name (Net Name)
    ----------------------------------------  ------------
     IBUF:I->O             4   1.218   0.762  SW_I_0_IBUF (SW_I_0_IBUF)
     LUT3:I0->O            1   0.704   0.000  output_mux00011 (output_mux0001)
     FD:D                      0.308          output
    ----------------------------------------
    Total                      2.992ns (2.230ns logic, 0.762ns route)
                                       (74.5% logic, 25.5% route)

=========================================================================
Timing constraint: Default OFFSET OUT AFTER for Clock 'CLK_50M_I'
  Total number of paths / destination ports: 67 / 10
-------------------------------------------------------------------------
Offset:              9.250ns (Levels of Logic = 5)
  Source:            Inst_pixel_pointer/pixel_1 (FF)
  Destination:       VGA_G_O<2> (PAD)
  Source Clock:      CLK_50M_I rising 0.5X

  Data Path: Inst_pixel_pointer/pixel_1 to VGA_G_O<2>
                                Gate     Net
    Cell:in->out      fanout   Delay   Delay  Logical Name (Net Name)
    ----------------------------------------  ------------
     FDR:C->Q              3   0.591   0.706  Inst_pixel_pointer/pixel_1 (Inst_pixel_pointer/pixel_1)
     LUT4:I0->O            1   0.704   0.455  VGA_G_O<1>45_SW0 (N13)
     LUT4:I2->O            1   0.704   0.424  VGA_G_O<1>45_SW1 (N17)
     LUT4:I3->O            1   0.704   0.455  VGA_G_O<1>45 (VGA_G_O<1>45)
     LUT4:I2->O            3   0.704   0.531  VGA_G_O<1>121 (VGA_G_O_1_OBUF)
     OBUF:I->O                 3.272          VGA_G_O_2_OBUF (VGA_G_O<2>)
    ----------------------------------------
    Total                      9.250ns (6.679ns logic, 2.571ns route)
                                       (72.2% logic, 27.8% route)

=========================================================================
Timing constraint: Default path analysis
  Total number of paths / destination ports: 11 / 11
-------------------------------------------------------------------------
Delay:               6.391ns (Levels of Logic = 3)
  Source:            SW_I<0> (PAD)
  Destination:       VGA_G_O<2> (PAD)

  Data Path: SW_I<0> to VGA_G_O<2>
                                Gate     Net
    Cell:in->out      fanout   Delay   Delay  Logical Name (Net Name)
    ----------------------------------------  ------------
     IBUF:I->O             4   1.218   0.666  SW_I_0_IBUF (SW_I_0_IBUF)
     LUT4:I1->O            3   0.704   0.531  VGA_G_O<1>121 (VGA_G_O_1_OBUF)
     OBUF:I->O                 3.272          VGA_G_O_2_OBUF (VGA_G_O<2>)
    ----------------------------------------
    Total                      6.391ns (5.194ns logic, 1.197ns route)
                                       (81.3% logic, 18.7% route)

=========================================================================


Total REAL time to Xst completion: 24.00 secs
Total CPU time to Xst completion: 23.90 secs
 
--> 

Total memory usage is 300908 kilobytes

Number of errors   :    0 (   0 filtered)
Number of warnings :   73 (   0 filtered)
Number of infos    :   21 (   0 filtered)

