Release 14.4 - xst P.49d (nt64)
Copyright (c) 1995-2012 Xilinx, Inc.  All rights reserved.
--> Parameter TMPDIR set to xst/projnav.tmp


Total REAL time to Xst completion: 0.00 secs
Total CPU time to Xst completion: 0.13 secs
 
--> Parameter xsthdpdir set to xst


Total REAL time to Xst completion: 0.00 secs
Total CPU time to Xst completion: 0.13 secs
 
--> Reading design: TL.prj

TABLE OF CONTENTS
  1) Synthesis Options Summary
  2) HDL Compilation
  3) Design Hierarchy Analysis
  4) HDL Analysis
  5) HDL Synthesis
     5.1) HDL Synthesis Report
  6) Advanced HDL Synthesis
     6.1) Advanced HDL Synthesis Report
  7) Low Level Synthesis
  8) Partition Report
  9) Final Report
	9.1) Device utilization summary
	9.2) Partition Resource Summary
	9.3) TIMING REPORT


=========================================================================
*                      Synthesis Options Summary                        *
=========================================================================
---- Source Parameters
Input File Name                    : "TL.prj"
Input Format                       : mixed
Ignore Synthesis Constraint File   : NO

---- Target Parameters
Output File Name                   : "TL"
Output Format                      : NGC
Target Device                      : xc3s500e-5-fg320

---- Source Options
Top Module Name                    : TL
Automatic FSM Extraction           : YES
FSM Encoding Algorithm             : Auto
Safe Implementation                : No
FSM Style                          : LUT
RAM Extraction                     : Yes
RAM Style                          : Auto
ROM Extraction                     : Yes
Mux Style                          : Auto
Decoder Extraction                 : YES
Priority Encoder Extraction        : Yes
Shift Register Extraction          : YES
Logical Shifter Extraction         : YES
XOR Collapsing                     : YES
ROM Style                          : Auto
Mux Extraction                     : Yes
Resource Sharing                   : YES
Asynchronous To Synchronous        : NO
Multiplier Style                   : Auto
Automatic Register Balancing       : No

---- Target Options
Add IO Buffers                     : YES
Global Maximum Fanout              : 100000
Add Generic Clock Buffer(BUFG)     : 24
Register Duplication               : YES
Slice Packing                      : YES
Optimize Instantiated Primitives   : NO
Use Clock Enable                   : Yes
Use Synchronous Set                : Yes
Use Synchronous Reset              : Yes
Pack IO Registers into IOBs        : Auto
Equivalent register Removal        : YES

---- General Options
Optimization Goal                  : Speed
Optimization Effort                : 1
Keep Hierarchy                     : No
Netlist Hierarchy                  : As_Optimized
RTL Output                         : Yes
Global Optimization                : AllClockNets
Read Cores                         : YES
Write Timing Constraints           : NO
Cross Clock Analysis               : NO
Hierarchy Separator                : /
Bus Delimiter                      : <>
Case Specifier                     : Maintain
Slice Utilization Ratio            : 100
BRAM Utilization Ratio             : 100
Verilog 2001                       : YES
Auto BRAM Packing                  : NO
Slice Utilization Ratio Delta      : 5

=========================================================================


=========================================================================
*                          HDL Compilation                              *
=========================================================================
Compiling vhdl file "C:/XilinxWorkSpace/PongFT/TL.vhd" in Library work.
Entity <tl> compiled.
Entity <tl> (Architecture <behavioral>) compiled.

=========================================================================
*                     Design Hierarchy Analysis                         *
=========================================================================
Analyzing hierarchy for entity <TL> in library <work> (architecture <behavioral>).


=========================================================================
*                            HDL Analysis                               *
=========================================================================
Analyzing Entity <TL> in library <work> (Architecture <behavioral>).
Entity <TL> analyzed. Unit <TL> generated.


=========================================================================
*                           HDL Synthesis                               *
=========================================================================

Performing bidirectional port resolution...

Synthesizing Unit <TL>.
    Related source file is "C:/XilinxWorkSpace/PongFT/TL.vhd".
WARNING:Xst:647 - Input <ADC_1_I<6:0>> is never used. This port will be preserved and left unconnected if it belongs to a top-level block or it belongs to a sub-block and the hierarchy of this sub-block is preserved.
WARNING:Xst:647 - Input <ADC_2_I<6:0>> is never used. This port will be preserved and left unconnected if it belongs to a top-level block or it belongs to a sub-block and the hierarchy of this sub-block is preserved.
WARNING:Xst:647 - Input <ADC_3_I<7:0>> is never used. This port will be preserved and left unconnected if it belongs to a top-level block or it belongs to a sub-block and the hierarchy of this sub-block is preserved.
    Found 3-bit up counter for signal <cnt_r>.
    Found 5-bit register for signal <shift_r_h_sync>.
    Found 5-bit register for signal <shift_r_v_sync>.
    Found 3-bit register for signal <vga_1_o_r>.
    Found 3-bit register for signal <vga_2_o_r>.
    Found 2-bit register for signal <vga_3_o_r>.
    Summary:
	inferred   1 Counter(s).
	inferred  18 D-type flip-flop(s).
Unit <TL> synthesized.


=========================================================================
HDL Synthesis Report

Macro Statistics
# Counters                                             : 1
 3-bit up counter                                      : 1
# Registers                                            : 5
 2-bit register                                        : 1
 3-bit register                                        : 2
 5-bit register                                        : 2

=========================================================================

=========================================================================
*                       Advanced HDL Synthesis                          *
=========================================================================


=========================================================================
Advanced HDL Synthesis Report

Macro Statistics
# Counters                                             : 1
 3-bit up counter                                      : 1
# Registers                                            : 18
 Flip-Flops                                            : 18

=========================================================================

=========================================================================
*                         Low Level Synthesis                           *
=========================================================================
WARNING:Xst:2677 - Node <cnt_r_1> of sequential type is unconnected in block <TL>.
WARNING:Xst:2677 - Node <cnt_r_2> of sequential type is unconnected in block <TL>.

Optimizing unit <TL> ...

Mapping all equations...
Building and optimizing final netlist ...
Found area constraint ratio of 100 (+ 5) on block TL, actual ratio is 0.

Final Macro Processing ...

Processing Unit <TL> :
	Found 5-bit shift register for signal <shift_r_h_sync_4>.
	Found 5-bit shift register for signal <shift_r_v_sync_4>.
Unit <TL> processed.

=========================================================================
Final Register Report

Macro Statistics
# Registers                                            : 9
 Flip-Flops                                            : 9
# Shift Registers                                      : 2
 5-bit shift register                                  : 2

=========================================================================

=========================================================================
*                           Partition Report                            *
=========================================================================

Partition Implementation Status
-------------------------------

  No Partitions were found in this design.

-------------------------------

=========================================================================
*                            Final Report                               *
=========================================================================
Final Results
RTL Top Level Output File Name     : TL.ngr
Top Level Output File Name         : TL
Output Format                      : NGC
Optimization Goal                  : Speed
Keep Hierarchy                     : No

Design Statistics
# IOs                              : 58

Cell Usage :
# BELS                             : 11
#      GND                         : 1
#      LUT2                        : 9
#      VCC                         : 1
# FlipFlops/Latches                : 11
#      FD                          : 2
#      FDE                         : 8
#      FDR                         : 1
# Shift Registers                  : 2
#      SRL16                       : 2
# Clock Buffers                    : 1
#      BUFG                        : 1
# IO Buffers                       : 36
#      IBUF                        : 19
#      OBUF                        : 17
=========================================================================

Device utilization summary:
---------------------------

Selected Device : 3s500efg320-5 

 Number of Slices:                        6  out of   4656     0%  
 Number of Slice Flip Flops:             11  out of   9312     0%  
 Number of 4 input LUTs:                 11  out of   9312     0%  
    Number used as logic:                 9
    Number used as Shift registers:       2
 Number of IOs:                          58
 Number of bonded IOBs:                  36  out of    232    15%  
 Number of GCLKs:                         1  out of     24     4%  

---------------------------
Partition Resource Summary:
---------------------------

  No Partitions were found in this design.

---------------------------


=========================================================================
TIMING REPORT

NOTE: THESE TIMING NUMBERS ARE ONLY A SYNTHESIS ESTIMATE.
      FOR ACCURATE TIMING INFORMATION PLEASE REFER TO THE TRACE REPORT
      GENERATED AFTER PLACE-and-ROUTE.

Clock Information:
------------------
-----------------------------------+------------------------+-------+
Clock Signal                       | Clock buffer(FF name)  | Load  |
-----------------------------------+------------------------+-------+
CLK_50M_I                          | IBUF+BUFG              | 13    |
-----------------------------------+------------------------+-------+

Asynchronous Control Signals Information:
----------------------------------------
No asynchronous control signals found in this design

Timing Summary:
---------------
Speed Grade: -5

   Minimum period: 3.492ns (Maximum Frequency: 286.369MHz)
   Minimum input arrival time before clock: 3.353ns
   Maximum output required time after clock: 5.078ns
   Maximum combinational path delay: 5.847ns

Timing Detail:
--------------
All values displayed in nanoseconds (ns)

=========================================================================
Timing constraint: Default period analysis for Clock 'CLK_50M_I'
  Clock period: 3.492ns (frequency: 286.369MHz)
  Total number of paths / destination ports: 11 / 11
-------------------------------------------------------------------------
Delay:               3.492ns (Levels of Logic = 0)
  Source:            Mshreg_shift_r_h_sync_4 (FF)
  Destination:       shift_r_h_sync_4 (FF)
  Source Clock:      CLK_50M_I rising
  Destination Clock: CLK_50M_I rising

  Data Path: Mshreg_shift_r_h_sync_4 to shift_r_h_sync_4
                                Gate     Net
    Cell:in->out      fanout   Delay   Delay  Logical Name (Net Name)
    ----------------------------------------  ------------
     SRL16:CLK->Q          1   3.224   0.000  Mshreg_shift_r_h_sync_4 (Mshreg_shift_r_h_sync_4)
     FD:D                      0.268          shift_r_h_sync_4
    ----------------------------------------
    Total                      3.492ns (3.492ns logic, 0.000ns route)
                                       (100.0% logic, 0.0% route)

=========================================================================
Timing constraint: Default OFFSET IN BEFORE for Clock 'CLK_50M_I'
  Total number of paths / destination ports: 18 / 18
-------------------------------------------------------------------------
Offset:              3.353ns (Levels of Logic = 2)
  Source:            SW_I<3> (PAD)
  Destination:       vga_2_o_r_0 (FF)
  Destination Clock: CLK_50M_I rising

  Data Path: SW_I<3> to vga_2_o_r_0
                                Gate     Net
    Cell:in->out      fanout   Delay   Delay  Logical Name (Net Name)
    ----------------------------------------  ------------
     IBUF:I->O             1   1.106   0.509  SW_I_3_IBUF (SW_I_3_IBUF)
     LUT2:I0->O            8   0.612   0.643  vga_1_o_r_or00001 (vga_1_o_r_or0000)
     FDE:CE                    0.483          vga_2_o_r_0
    ----------------------------------------
    Total                      3.353ns (2.201ns logic, 1.152ns route)
                                       (65.6% logic, 34.4% route)

=========================================================================
Timing constraint: Default OFFSET OUT AFTER for Clock 'CLK_50M_I'
  Total number of paths / destination ports: 10 / 10
-------------------------------------------------------------------------
Offset:              5.078ns (Levels of Logic = 2)
  Source:            vga_2_o_r_2 (FF)
  Destination:       VGA_G_O<2> (PAD)
  Source Clock:      CLK_50M_I rising

  Data Path: vga_2_o_r_2 to VGA_G_O<2>
                                Gate     Net
    Cell:in->out      fanout   Delay   Delay  Logical Name (Net Name)
    ----------------------------------------  ------------
     FDE:C->Q              1   0.514   0.426  vga_2_o_r_2 (vga_2_o_r_2)
     LUT2:I1->O            1   0.612   0.357  VGA_G_O<2>1 (VGA_G_O_2_OBUF)
     OBUF:I->O                 3.169          VGA_G_O_2_OBUF (VGA_G_O<2>)
    ----------------------------------------
    Total                      5.078ns (4.295ns logic, 0.783ns route)
                                       (84.6% logic, 15.4% route)

=========================================================================
Timing constraint: Default path analysis
  Total number of paths / destination ports: 15 / 15
-------------------------------------------------------------------------
Delay:               5.847ns (Levels of Logic = 3)
  Source:            SW_I<1> (PAD)
  Destination:       VGA_G_O<2> (PAD)

  Data Path: SW_I<1> to VGA_G_O<2>
                                Gate     Net
    Cell:in->out      fanout   Delay   Delay  Logical Name (Net Name)
    ----------------------------------------  ------------
     IBUF:I->O             3   1.106   0.603  SW_I_1_IBUF (SW_I_1_IBUF)
     LUT2:I0->O            1   0.612   0.357  VGA_G_O<2>1 (VGA_G_O_2_OBUF)
     OBUF:I->O                 3.169          VGA_G_O_2_OBUF (VGA_G_O<2>)
    ----------------------------------------
    Total                      5.847ns (4.887ns logic, 0.960ns route)
                                       (83.6% logic, 16.4% route)

=========================================================================


Total REAL time to Xst completion: 6.00 secs
Total CPU time to Xst completion: 6.31 secs
 
--> 

Total memory usage is 255372 kilobytes

Number of errors   :    0 (   0 filtered)
Number of warnings :    5 (   0 filtered)
Number of infos    :    0 (   0 filtered)

