Release 14.4 Map P.49d (nt64)
Xilinx Mapping Report File for Design 'TL'

Design Information
------------------
Command Line   : map -intstyle ise -p xc3s500e-fg320-5 -cm area -ir off -pr off
-c 100 -o TL_map.ncd TL.ngd TL.pcf 
Target Device  : xc3s500e
Target Package : fg320
Target Speed   : -5
Mapper Version : spartan3e -- $Revision: 1.55 $
Mapped Date    : Mon Mar 18 14:05:08 2013

Design Summary
--------------
Number of errors:      0
Number of warnings:    0
Logic Utilization:
  Number of Slice Flip Flops:           113 out of   9,312    1%
  Number of 4 input LUTs:               119 out of   9,312    1%
Logic Distribution:
  Number of occupied Slices:             83 out of   4,656    1%
    Number of Slices containing only related logic:      83 out of      83 100%
    Number of Slices containing unrelated logic:          0 out of      83   0%
      *See NOTES below for an explanation of the effects of unrelated logic.
  Total Number of 4 input LUTs:         119 out of   9,312    1%
    Number used as logic:                87
    Number used as Shift registers:      32

  The Slice Logic Distribution report is not meaningful if the design is
  over-mapped for a non-slice resource or if Placement fails.

  Number of bonded IOBs:                 58 out of     232   25%
  Number of BUFGMUXs:                     1 out of      24    4%

Average Fanout of Non-Clock Nets:                1.82

Peak Memory Usage:  248 MB
Total REAL time to MAP completion:  2 secs 
Total CPU time to MAP completion:   2 secs 

NOTES:

   Related logic is defined as being logic that shares connectivity - e.g. two
   LUTs are "related" if they share common inputs.  When assembling slices,
   Map gives priority to combine logic that is related.  Doing so results in
   the best timing performance.

   Unrelated logic shares no connectivity.  Map will only begin packing
   unrelated logic into a slice once 99% of the slices are occupied through
   related logic packing.

   Note that once logic distribution reaches the 99% level through related
   logic packing, this does not mean the device is completely utilized.
   Unrelated logic packing will then begin, continuing until all usable LUTs
   and FFs are occupied.  Depending on your timing budget, increased levels of
   unrelated logic packing may adversely affect the overall timing performance
   of your design.

Table of Contents
-----------------
Section 1 - Errors
Section 2 - Warnings
Section 3 - Informational
Section 4 - Removed Logic Summary
Section 5 - Removed Logic
Section 6 - IOB Properties
Section 7 - RPMs
Section 8 - Guide Report
Section 9 - Area Group and Partition Summary
Section 10 - Timing Report
Section 11 - Configuration String Information
Section 12 - Control Set Information
Section 13 - Utilization by Hierarchy

Section 1 - Errors
------------------

Section 2 - Warnings
--------------------

Section 3 - Informational
-------------------------
INFO:MapLib:562 - No environment variables are currently set.
INFO:LIT:244 - All of the single ended outputs in this design are using slew
   rate limited output drivers. The delay on speed critical single ended outputs
   can be dramatically reduced by designating them as fast outputs.

Section 4 - Removed Logic Summary
---------------------------------
   4 block(s) optimized away

Section 5 - Removed Logic
-------------------------

Optimized Block(s):
TYPE 		BLOCK
GND 		XST_GND
VCC 		XST_VCC

Section 6 - IOB Properties
--------------------------

+---------------------------------------------------------------------------------------------------------------------------------------------------------+
| IOB Name                           | Type             | Direction | IO Standard          | Diff  | Drive    | Slew | Reg (s)      | Resistor | IOB      |
|                                    |                  |           |                      | Term  | Strength | Rate |              |          | Delay    |
+---------------------------------------------------------------------------------------------------------------------------------------------------------+
| ADC_1_CLK_O                        | IOB              | OUTPUT    | LVCMOS33             |       | 12       | SLOW |              |          | 0 / 0    |
| ADC_1_I<0>                         | IBUF             | INPUT     | LVCMOS33             |       |          |      |              |          | 0 / 0    |
| ADC_1_I<1>                         | IBUF             | INPUT     | LVCMOS33             |       |          |      |              |          | 0 / 0    |
| ADC_1_I<2>                         | IBUF             | INPUT     | LVCMOS33             |       |          |      |              |          | 0 / 0    |
| ADC_1_I<3>                         | IBUF             | INPUT     | LVCMOS33             |       |          |      |              |          | 0 / 0    |
| ADC_1_I<4>                         | IBUF             | INPUT     | LVCMOS33             |       |          |      |              |          | 0 / 0    |
| ADC_1_I<5>                         | IBUF             | INPUT     | LVCMOS33             |       |          |      |              |          | 0 / 0    |
| ADC_1_I<6>                         | IBUF             | INPUT     | LVCMOS33             |       |          |      |              |          | 0 / 0    |
| ADC_1_I<7>                         | IBUF             | INPUT     | LVCMOS33             |       |          |      |              |          | 0 / 0    |
| ADC_1_I<8>                         | IBUF             | INPUT     | LVCMOS33             |       |          |      |              |          | 0 / 0    |
| ADC_1_I<9>                         | IBUF             | INPUT     | LVCMOS33             |       |          |      |              |          | 0 / 0    |
| ADC_2_CLK_O                        | IOB              | OUTPUT    | LVCMOS33             |       | 12       | SLOW |              |          | 0 / 0    |
| ADC_2_I<0>                         | IBUF             | INPUT     | LVCMOS33             |       |          |      |              |          | 0 / 0    |
| ADC_2_I<1>                         | IBUF             | INPUT     | LVCMOS33             |       |          |      |              |          | 0 / 0    |
| ADC_2_I<2>                         | IBUF             | INPUT     | LVCMOS33             |       |          |      |              |          | 0 / 0    |
| ADC_2_I<3>                         | IBUF             | INPUT     | LVCMOS33             |       |          |      |              |          | 0 / 0    |
| ADC_2_I<4>                         | IBUF             | INPUT     | LVCMOS33             |       |          |      |              |          | 0 / 0    |
| ADC_2_I<5>                         | IBUF             | INPUT     | LVCMOS33             |       |          |      |              |          | 0 / 0    |
| ADC_2_I<6>                         | IBUF             | INPUT     | LVCMOS33             |       |          |      |              |          | 0 / 0    |
| ADC_2_I<7>                         | IBUF             | INPUT     | LVCMOS33             |       |          |      |              |          | 0 / 0    |
| ADC_2_I<8>                         | IBUF             | INPUT     | LVCMOS33             |       |          |      |              |          | 0 / 0    |
| ADC_2_I<9>                         | IBUF             | INPUT     | LVCMOS33             |       |          |      |              |          | 0 / 0    |
| ADC_3_CLK_O                        | IOB              | OUTPUT    | LVCMOS33             |       | 12       | SLOW |              |          | 0 / 0    |
| ADC_3_I<0>                         | IBUF             | INPUT     | LVCMOS33             |       |          |      |              |          | 0 / 0    |
| ADC_3_I<1>                         | IBUF             | INPUT     | LVCMOS33             |       |          |      |              |          | 0 / 0    |
| ADC_3_I<2>                         | IBUF             | INPUT     | LVCMOS33             |       |          |      |              |          | 0 / 0    |
| ADC_3_I<3>                         | IBUF             | INPUT     | LVCMOS33             |       |          |      |              |          | 0 / 0    |
| ADC_3_I<4>                         | IBUF             | INPUT     | LVCMOS33             |       |          |      |              |          | 0 / 0    |
| ADC_3_I<5>                         | IBUF             | INPUT     | LVCMOS33             |       |          |      |              |          | 0 / 0    |
| ADC_3_I<6>                         | IBUF             | INPUT     | LVCMOS33             |       |          |      |              |          | 0 / 0    |
| ADC_3_I<7>                         | IBUF             | INPUT     | LVCMOS33             |       |          |      |              |          | 0 / 0    |
| ADC_3_I<8>                         | IBUF             | INPUT     | LVCMOS33             |       |          |      |              |          | 0 / 0    |
| ADC_3_I<9>                         | IBUF             | INPUT     | LVCMOS33             |       |          |      |              |          | 0 / 0    |
| BTN_I<0>                           | IBUF             | INPUT     | LVCMOS33             |       |          |      |              |          | 0 / 0    |
| BTN_I<1>                           | IBUF             | INPUT     | LVCMOS33             |       |          |      |              |          | 0 / 0    |
| BTN_I<2>                           | IBUF             | INPUT     | LVCMOS33             |       |          |      |              |          | 0 / 0    |
| BTN_I<3>                           | IBUF             | INPUT     | LVCMOS33             |       |          |      |              |          | 0 / 0    |
| CLK_50M_I                          | IBUF             | INPUT     | LVCMOS33             |       |          |      |              |          | 0 / 0    |
| LEDS_O<0>                          | IOB              | OUTPUT    | LVCMOS33             |       | 12       | SLOW |              |          | 0 / 0    |
| LEDS_O<1>                          | IOB              | OUTPUT    | LVCMOS33             |       | 12       | SLOW |              |          | 0 / 0    |
| LEDS_O<2>                          | IOB              | OUTPUT    | LVCMOS33             |       | 12       | SLOW |              |          | 0 / 0    |
| LEDS_O<3>                          | IOB              | OUTPUT    | LVCMOS33             |       | 12       | SLOW |              |          | 0 / 0    |
| SW_I<0>                            | IBUF             | INPUT     | LVCMOS33             |       |          |      |              |          | 0 / 0    |
| SW_I<1>                            | IBUF             | INPUT     | LVCMOS33             |       |          |      |              |          | 0 / 0    |
| SW_I<2>                            | IBUF             | INPUT     | LVCMOS33             |       |          |      |              |          | 0 / 0    |
| SW_I<3>                            | IBUF             | INPUT     | LVCMOS33             |       |          |      |              |          | 0 / 0    |
| VGA_B_O<0>                         | IOB              | OUTPUT    | LVCMOS33             |       | 12       | SLOW |              |          | 0 / 0    |
| VGA_B_O<1>                         | IOB              | OUTPUT    | LVCMOS33             |       | 12       | SLOW |              |          | 0 / 0    |
| VGA_G_O<0>                         | IOB              | OUTPUT    | LVCMOS33             |       | 12       | SLOW |              |          | 0 / 0    |
| VGA_G_O<1>                         | IOB              | OUTPUT    | LVCMOS33             |       | 12       | SLOW |              |          | 0 / 0    |
| VGA_G_O<2>                         | IOB              | OUTPUT    | LVCMOS33             |       | 12       | SLOW |              |          | 0 / 0    |
| VGA_HS_I                           | IBUF             | INPUT     | LVCMOS33             |       |          |      |              |          | 0 / 0    |
| VGA_HS_O                           | IOB              | OUTPUT    | LVCMOS33             |       | 12       | SLOW |              |          | 0 / 0    |
| VGA_R_O<0>                         | IOB              | OUTPUT    | LVCMOS33             |       | 12       | SLOW |              |          | 0 / 0    |
| VGA_R_O<1>                         | IOB              | OUTPUT    | LVCMOS33             |       | 12       | SLOW |              |          | 0 / 0    |
| VGA_R_O<2>                         | IOB              | OUTPUT    | LVCMOS33             |       | 12       | SLOW |              |          | 0 / 0    |
| VGA_VS_I                           | IBUF             | INPUT     | LVCMOS33             |       |          |      |              |          | 0 / 0    |
| VGA_VS_O                           | IOB              | OUTPUT    | LVCMOS33             |       | 12       | SLOW |              |          | 0 / 0    |
+---------------------------------------------------------------------------------------------------------------------------------------------------------+

Section 7 - RPMs
----------------

Section 8 - Guide Report
------------------------
Guide not run on this design.

Section 9 - Area Group and Partition Summary
--------------------------------------------

Partition Implementation Status
-------------------------------

  No Partitions were found in this design.

-------------------------------

Area Group Information
----------------------

  No area groups were found in this design.

----------------------

Section 10 - Timing Report
--------------------------
This design was not run using timing mode.

Section 11 - Configuration String Details
-----------------------------------------
Use the "-detail" map option to print out Configuration Strings

Section 12 - Control Set Information
------------------------------------
No control set information for this architecture.

Section 13 - Utilization by Hierarchy
-------------------------------------
Use the "-detail" map option to print out the Utilization by Hierarchy section.
