
Checking platform configuration ...
IPNAME: plb_v46, INSTANCE: mb_plb - 2 master(s) : 8 slave(s) 
IPNAME: lmb_v10, INSTANCE: ilmb - 1 master(s) : 1 slave(s) 
IPNAME: lmb_v10, INSTANCE: dlmb - 1 master(s) : 1 slave(s) 

Checking port drivers...
WARNING:EDK:4180 - PORT: tdi_in, CONNECTOR: bscan_tdi - No driver found. Port
   will be driven to GND -
   /home/klaus/programs/Xilinx14.4/14.4/ISE_DS/EDK/hw/XilinxProcessorIPLib/pcore
   s/chipscope_icon_v1_06_a/data/chipscope_icon_v2_1_0.mpd line 101 
WARNING:EDK:4180 - PORT: reset_in, CONNECTOR: bscan_reset - No driver found.
   Port will be driven to GND -
   /home/klaus/programs/Xilinx14.4/14.4/ISE_DS/EDK/hw/XilinxProcessorIPLib/pcore
   s/chipscope_icon_v1_06_a/data/chipscope_icon_v2_1_0.mpd line 102 
WARNING:EDK:4180 - PORT: shift_in, CONNECTOR: bscan_shift - No driver found.
   Port will be driven to GND -
   /home/klaus/programs/Xilinx14.4/14.4/ISE_DS/EDK/hw/XilinxProcessorIPLib/pcore
   s/chipscope_icon_v1_06_a/data/chipscope_icon_v2_1_0.mpd line 103 
WARNING:EDK:4180 - PORT: update_in, CONNECTOR: bscan_update - No driver found.
   Port will be driven to GND -
   /home/klaus/programs/Xilinx14.4/14.4/ISE_DS/EDK/hw/XilinxProcessorIPLib/pcore
   s/chipscope_icon_v1_06_a/data/chipscope_icon_v2_1_0.mpd line 104 
WARNING:EDK:4180 - PORT: sel_in, CONNECTOR: bscan_sel1 - No driver found. Port
   will be driven to GND -
   /home/klaus/programs/Xilinx14.4/14.4/ISE_DS/EDK/hw/XilinxProcessorIPLib/pcore
   s/chipscope_icon_v1_06_a/data/chipscope_icon_v2_1_0.mpd line 105 
WARNING:EDK:4180 - PORT: drck_in, CONNECTOR: bscan_drck1 - No driver found. Port
   will be driven to GND -
   /home/klaus/programs/Xilinx14.4/14.4/ISE_DS/EDK/hw/XilinxProcessorIPLib/pcore
   s/chipscope_icon_v1_06_a/data/chipscope_icon_v2_1_0.mpd line 106 
WARNING:EDK:4180 - PORT: capture_in, CONNECTOR: bscan_capture - No driver found.
   Port will be driven to GND -
   /home/klaus/programs/Xilinx14.4/14.4/ISE_DS/EDK/hw/XilinxProcessorIPLib/pcore
   s/chipscope_icon_v1_06_a/data/chipscope_icon_v2_1_0.mpd line 107 
WARNING:EDK:4181 - PORT: Peripheral_Reset, CONNECTOR: sys_periph_reset -
   floating connection - /home/klaus/pong/PONG/PongV5/mb/mb.mhs line 183 
WARNING:EDK:4181 - PORT: tdo_out, CONNECTOR: bscan_tdo1 - floating connection -
   /home/klaus/programs/Xilinx14.4/14.4/ISE_DS/EDK/hw/XilinxProcessorIPLib/pcore
   s/chipscope_icon_v1_06_a/data/chipscope_icon_v2_1_0.mpd line 108 

Performing Clock DRCs...

Performing Reset DRCs...

Overriding system level properties...
INFO:EDK:4130 - IPNAME: microblaze, INSTANCE:microblaze_0 - tcl is overriding
   PARAMETER C_D_PLB value to 1 -
   /home/klaus/programs/Xilinx14.4/14.4/ISE_DS/EDK/hw/XilinxProcessorIPLib/pcore
   s/microblaze_v8_40_b/data/microblaze_v2_1_0.mpd line 231 
INFO:EDK:4130 - IPNAME: microblaze, INSTANCE:microblaze_0 - tcl is overriding
   PARAMETER C_I_PLB value to 1 -
   /home/klaus/programs/Xilinx14.4/14.4/ISE_DS/EDK/hw/XilinxProcessorIPLib/pcore
   s/microblaze_v8_40_b/data/microblaze_v2_1_0.mpd line 234 
INFO:EDK:4130 - IPNAME: microblaze, INSTANCE:microblaze_0 - tcl is overriding
   PARAMETER C_ADDR_TAG_BITS value to 0 -
   /home/klaus/programs/Xilinx14.4/14.4/ISE_DS/EDK/hw/XilinxProcessorIPLib/pcore
   s/microblaze_v8_40_b/data/microblaze_v2_1_0.mpd line 335 
INFO:EDK:4130 - IPNAME: microblaze, INSTANCE:microblaze_0 - tcl is overriding
   PARAMETER C_DCACHE_ADDR_TAG value to 0 -
   /home/klaus/programs/Xilinx14.4/14.4/ISE_DS/EDK/hw/XilinxProcessorIPLib/pcore
   s/microblaze_v8_40_b/data/microblaze_v2_1_0.mpd line 365 
INFO:EDK:4130 - IPNAME: microblaze, INSTANCE:microblaze_0 - tcl is overriding
   PARAMETER C_USE_EXT_BRK value to 1 -
   /home/klaus/programs/Xilinx14.4/14.4/ISE_DS/EDK/hw/XilinxProcessorIPLib/pcore
   s/microblaze_v8_40_b/data/microblaze_v2_1_0.mpd line 400 
INFO:EDK:4130 - IPNAME: microblaze, INSTANCE:microblaze_0 - tcl is overriding
   PARAMETER C_USE_EXT_NM_BRK value to 1 -
   /home/klaus/programs/Xilinx14.4/14.4/ISE_DS/EDK/hw/XilinxProcessorIPLib/pcore
   s/microblaze_v8_40_b/data/microblaze_v2_1_0.mpd line 401 
INFO:EDK:4130 - IPNAME: lmb_bram_if_cntlr, INSTANCE:dlmb_cntlr - tcl is
   overriding PARAMETER C_MASK value to 0x80000000 -
   /home/klaus/programs/Xilinx14.4/14.4/ISE_DS/EDK/hw/XilinxProcessorIPLib/pcore
   s/lmb_bram_if_cntlr_v3_10_c/data/lmb_bram_if_cntlr_v2_1_0.mpd line 92 
INFO:EDK:4130 - IPNAME: lmb_bram_if_cntlr, INSTANCE:ilmb_cntlr - tcl is
   overriding PARAMETER C_MASK value to 0x80000000 -
   /home/klaus/programs/Xilinx14.4/14.4/ISE_DS/EDK/hw/XilinxProcessorIPLib/pcore
   s/lmb_bram_if_cntlr_v3_10_c/data/lmb_bram_if_cntlr_v2_1_0.mpd line 92 
INFO:EDK:4130 - IPNAME: chipscope_icon, INSTANCE:chipscope_icon_0 - tcl is
   overriding PARAMETER C_SYSTEM_CONTAINS_MDM value to 1 -
   /home/klaus/programs/Xilinx14.4/14.4/ISE_DS/EDK/hw/XilinxProcessorIPLib/pcore
   s/chipscope_icon_v1_06_a/data/chipscope_icon_v2_1_0.mpd line 81 

Running system level update procedures...

Running UPDATE Tcl procedures for OPTION SYSLEVEL_UPDATE_PROC...

Running system level DRCs...

Performing System level DRCs on properties...

Running DRC Tcl procedures for OPTION SYSLEVEL_DRC_PROC...
Chipscope Integrate Controller, instance 'chipscope_icon', exists in System 
Conversion to XML complete.
