#-----------------------------------------------------------
# PlanAhead v14.4 (64-bit)
# Build 222254 by xbuild on Tue Dec 18 05:21:09 MST 2012
# Start of session at: Mon May 13 14:04:36 2013
# Process ID: 6056
# Log file: C:/XilinxWorkSpace/PongV2/planAhead_run_1/planAhead.log
# Journal file: C:/XilinxWorkSpace/PongV2/planAhead_run_1/planAhead.jou
#-----------------------------------------------------------
INFO: [Common 17-78] Attempting to get a license: PlanAhead
INFO: [Common 17-290] Got license for PlanAhead
INFO: [Device 21-36] Loading parts and site information from C:/Xilinx/14.4/ISE_DS/PlanAhead/data/parts/arch.xml
Parsing RTL primitives file [C:/Xilinx/14.4/ISE_DS/PlanAhead/data/parts/xilinx/rtl/prims/rtl_prims.xml]
Finished parsing RTL primitives file [C:/Xilinx/14.4/ISE_DS/PlanAhead/data/parts/xilinx/rtl/prims/rtl_prims.xml]
start_gui
source C:/XilinxWorkSpace/PongV2/pa.fromNetlist.tcl
# create_project -name PongV2 -dir "C:/XilinxWorkSpace/PongV2/planAhead_run_2" -part xc3s500efg320-4
# set_property design_mode GateLvl [get_property srcset [current_run -impl]]
# set_property edif_top_file "C:/XilinxWorkSpace/PongV2/TL.ngc" [ get_property srcset [ current_run ] ]
# add_files -norecurse { {C:/XilinxWorkSpace/PongV2} }
# set_property target_constrs_file "pong_contoller_nexys_II.ucf" [current_fileset -constrset]
Adding file 'C:/XilinxWorkSpace/PongV2/pong_contoller_nexys_II.ucf' to fileset 'constrs_1'
# add_files [list {pong_contoller_nexys_II.ucf}] -fileset [get_property constrset [current_run]]
# link_design
Design is defaulting to srcset: sources_1
Design is defaulting to constrset: constrs_1
Design is defaulting to project part: xc3s500efg320-4
Release 14.4 - ngc2edif P.49d (nt64)
Copyright (c) 1995-2012 Xilinx, Inc.  All rights reserved.
Reading design TL.ngc ...
WARNING:NetListWriters:298 - No output is written to TL.xncf, ignored.
Processing design ...
   Preping design's networks ...
   Preping design's macros ...
  finished :Prep
Writing EDIF netlist file TL.edif ...
ngc2edif: Total memory usage is 79824 kilobytes

Parsing EDIF File [./planAhead_run_2/PongV2.data/cache/TL_ngc_zx.edif]
Finished Parsing EDIF File [./planAhead_run_2/PongV2.data/cache/TL_ngc_zx.edif]
INFO: [Designutils 20-910] Reading macro library C:/Xilinx/14.4/ISE_DS/PlanAhead/data\./parts/xilinx/spartan3e/spartan3e/hd_int_macros.edn
Parsing EDIF File [C:/Xilinx/14.4/ISE_DS/PlanAhead/data\./parts/xilinx/spartan3e/spartan3e/hd_int_macros.edn]
Finished Parsing EDIF File [C:/Xilinx/14.4/ISE_DS/PlanAhead/data\./parts/xilinx/spartan3e/spartan3e/hd_int_macros.edn]
Loading clock regions from C:/Xilinx/14.4/ISE_DS/PlanAhead/data\parts/xilinx/spartan3e/spartan3e/xc3s500e/ClockRegion.xml
Loading clock buffers from C:/Xilinx/14.4/ISE_DS/PlanAhead/data\parts/xilinx/spartan3e/spartan3e/xc3s500e/ClockBuffers.xml
Loading package from C:/Xilinx/14.4/ISE_DS/PlanAhead/data\parts/xilinx/spartan3e/spartan3e/xc3s500e/fg320/Package.xml
Loading io standards from C:/Xilinx/14.4/ISE_DS/PlanAhead/data\./parts/xilinx/spartan3e/IOStandards.xml
INFO: [Device 21-19] Loading pkg sso from C:/Xilinx/14.4/ISE_DS/PlanAhead/data\parts/xilinx/spartan3e/spartan3e/xc3s500e/fg320/SSORules.xml
Loading list of drcs for the architecture : C:/Xilinx/14.4/ISE_DS/PlanAhead/data\./parts/xilinx/spartan3e/spartan3e/drc.xml
INFO: [Timing 38-77] Reading timing library C:/Xilinx/14.4/ISE_DS/PlanAhead/data\parts/xilinx/spartan3e/spartan3e/spartan3e-4.lib.
INFO: [Timing 38-34] Done reading timing library C:/Xilinx/14.4/ISE_DS/PlanAhead/data\parts/xilinx/spartan3e/spartan3e/spartan3e-4.lib.
Parsing UCF File [C:/XilinxWorkSpace/PongV2/pong_contoller_nexys_II.ucf]
Finished Parsing UCF File [C:/XilinxWorkSpace/PongV2/pong_contoller_nexys_II.ucf]
INFO: [Project 1-111] Unisim Transformation Summary:
No Unisim elements were transformed.

Phase 0 | Netlist Checksum: 682b83b5
link_design: Time (s): elapsed = 00:00:16 . Memory (MB): peak = 524.098 ; gain = 106.570
exit
ERROR: [PlanAhead 12-106] *** Exception: ui.h.b: Found deleted key in HTclEventBroker. Verify if the classes listed here call cleanup()
HTclEvent: SIGNAL_MODIFY   Classes: ui.views.aR 
HTclEvent: DEBUG_PORT_CONFIG_CHANGE   Classes: ui.views.aR 
HTclEvent: SIGNAL_BUS_MODIFY   Classes: ui.views.aR 
HTclEvent: DEBUG_CORE_CONFIG_CHANGE   Classes: ui.views.aR 
 (See C:/XilinxWorkSpace/PongV2\planAhead_pid6056.debug)
ERROR: [Common 17-39] 'stop_gui' failed due to earlier errors.
INFO: [Common 17-206] Exiting PlanAhead at Mon May 13 14:05:47 2013...
INFO: [Common 17-83] Releasing license: PlanAhead
